Added Component: Designator=C2(FP-GRM21B-0_2-e0_2_0_7-IPC_B)
Added Component: Designator=C3(FP-GRM21B-0_2-e0_2_0_7-IPC_B)
Added Component: Designator=C4(FP-GRM21B-0_2-e0_2_0_7-IPC_B)
Added Component: Designator=C5(FP-GRM21B-0_2-e0_2_0_7-IPC_B)
Added Component: Designator=C6(FP-GRM21B-0_2-e0_2_0_7-IPC_B)
Added Component: Designator=C7(FP-GRM21B-0_2-e0_2_0_7-IPC_B)
Added Component: Designator=C9(FP-GRM21B-0_2-e0_2_0_7-IPC_B)
Added Component: Designator=C10(FP-GRM21B-0_2-e0_2_0_7-IPC_B)
Added Component: Designator=C11(FP-GRM21B-0_2-e0_2_0_7-IPC_B)
Added Component: Designator=C12(FP-GRM21B-0_2-e0_2_0_7-IPC_B)
Added Component: Designator=C13(FP-GRM21B-0_2-e0_2_0_7-IPC_B)
Added Component: Designator=C14(FP-GRM21B-0_2-e0_2_0_7-IPC_B)
Added Component: Designator=C15(FP-GRM21B-0_2-e0_2_0_7-IPC_B)
Added Component: Designator=FB1(FP-BMB2A1000LN2-IPC_C)
Add component (AddParameter): Name = "Case Code (Imperial)"; Value = "0805"; VariantName = "[No Variations]"
Add component (AddParameter): Name = "Case Code (Metric)"; Value = "2012"; VariantName = "[No Variations]"
Add component (AddParameter): Name = "Case/Package"; Value = "0805"; VariantName = "[No Variations]"
Add component (AddParameter): Name = "Core Material"; Value = "Ferrite"; VariantName = "[No Variations]"
Add component (AddParameter): Name = "DC Resistance (DCR)"; Value = "300mR"; VariantName = "[No Variations]"
Add component (AddParameter): Name = "Depth"; Value = "1.4mm"; VariantName = "[No Variations]"
Add component (AddParameter): Name = "ELV"; Value = "Compliant"; VariantName = "[No Variations]"
Add component (AddParameter): Name = "Height"; Value = "1.1mm"; VariantName = "[No Variations]"
Add component (AddParameter): Name = "Impedance"; Value = "1kR"; VariantName = "[No Variations]"
Add component (AddParameter): Name = "Lead/Base Style"; Value = "SMD/SMT"; VariantName = "[No Variations]"
Add component (AddParameter): Name = "Max Current Rating"; Value = "350mA"; VariantName = "[No Variations]"
Add component (AddParameter): Name = "Max DC Current"; Value = "350mA"; VariantName = "[No Variations]"
Add component (AddParameter): Name = "Max Operating Temperature"; Value = "125°C"; VariantName = "[No Variations]"
Add component (AddParameter): Name = "Min Operating Temperature"; Value = "-55°C"; VariantName = "[No Variations]"
Add component (AddParameter): Name = "Mount"; Value = "Surface Mount"; VariantName = "[No Variations]"
Add component (AddParameter): Name = "Number of Lines"; Value = "1"; VariantName = "[No Variations]"
Add component (AddParameter): Name = "Number of Pins"; Value = "2"; VariantName = "[No Variations]"
Add component (AddParameter): Name = "Packaging"; Value = "Tape and Reel"; VariantName = "[No Variations]"
Add component (AddParameter): Name = "Resistor Type"; Value = "Ferrite Bead"; VariantName = "[No Variations]"
Add component (AddParameter): Name = "RoHS Compliant"; Value = "Yes"; VariantName = "[No Variations]"
Add component (AddParameter): Name = "Series"; Value = "BMB-L"; VariantName = "[No Variations]"
Add component (AddParameter): Name = "Tolerance"; Value = "25%"; VariantName = "[No Variations]"
Added Component: Designator=FB2(FP-BMB2A1000LN2-IPC_C)
Add component (AddParameter): Name = "Case Code (Imperial)"; Value = "0805"; VariantName = "[No Variations]"
Add component (AddParameter): Name = "Case Code (Metric)"; Value = "2012"; VariantName = "[No Variations]"
Add component (AddParameter): Name = "Case/Package"; Value = "0805"; VariantName = "[No Variations]"
Add component (AddParameter): Name = "Core Material"; Value = "Ferrite"; VariantName = "[No Variations]"
Add component (AddParameter): Name = "DC Resistance (DCR)"; Value = "300mR"; VariantName = "[No Variations]"
Add component (AddParameter): Name = "Depth"; Value = "1.4mm"; VariantName = "[No Variations]"
Add component (AddParameter): Name = "ELV"; Value = "Compliant"; VariantName = "[No Variations]"
Add component (AddParameter): Name = "Height"; Value = "1.1mm"; VariantName = "[No Variations]"
Add component (AddParameter): Name = "Impedance"; Value = "1kR"; VariantName = "[No Variations]"
Add component (AddParameter): Name = "Lead/Base Style"; Value = "SMD/SMT"; VariantName = "[No Variations]"
Add component (AddParameter): Name = "Max Current Rating"; Value = "350mA"; VariantName = "[No Variations]"
Add component (AddParameter): Name = "Max DC Current"; Value = "350mA"; VariantName = "[No Variations]"
Add component (AddParameter): Name = "Max Operating Temperature"; Value = "125°C"; VariantName = "[No Variations]"
Add component (AddParameter): Name = "Min Operating Temperature"; Value = "-55°C"; VariantName = "[No Variations]"
Add component (AddParameter): Name = "Mount"; Value = "Surface Mount"; VariantName = "[No Variations]"
Add component (AddParameter): Name = "Number of Lines"; Value = "1"; VariantName = "[No Variations]"
Add component (AddParameter): Name = "Number of Pins"; Value = "2"; VariantName = "[No Variations]"
Add component (AddParameter): Name = "Packaging"; Value = "Tape and Reel"; VariantName = "[No Variations]"
Add component (AddParameter): Name = "Resistor Type"; Value = "Ferrite Bead"; VariantName = "[No Variations]"
Add component (AddParameter): Name = "RoHS Compliant"; Value = "Yes"; VariantName = "[No Variations]"
Add component (AddParameter): Name = "Series"; Value = "BMB-L"; VariantName = "[No Variations]"
Add component (AddParameter): Name = "Tolerance"; Value = "25%"; VariantName = "[No Variations]"
Added Component: Designator=J1(SAMTEC_TSW-105-22-G-S-RA)
Add component (AddParameter): Name = "Availability"; Value = "In Stock"; VariantName = "[No Variations]"
Add component (AddParameter): Name = "Check_prices"; Value = "https://www.snapeda.com/parts/TSW-105-22-G-S-RA/Samtec/view-part/?ref=eda"; VariantName = "[No Variations]"
Add component (AddParameter): Name = "MF"; Value = "Samtec"; VariantName = "[No Variations]"
Add component (AddParameter): Name = "MP"; Value = "TSW-105-22-G-S-RA"; VariantName = "[No Variations]"
Add component (AddParameter): Name = "Package"; Value = "None"; VariantName = "[No Variations]"
Add component (AddParameter): Name = "Price"; Value = "None"; VariantName = "[No Variations]"
Add component (AddParameter): Name = "Purchase-URL"; Value = "https://pricing.snapeda.com/search/part/TSW-105-22-G-S-RA/?ref=eda"; VariantName = "[No Variations]"
Add component (AddParameter): Name = "SnapEDA_Link"; Value = "https://www.snapeda.com/parts/TSW-105-22-G-S-RA/Samtec/view-part/?ref=snap"; VariantName = "[No Variations]"
Add component (AddParameter): Name = "Value"; Value = ""; VariantName = "[No Variations]"
Added Component: Designator=J2(SAMTEC_TSW-104-22-G-S-RA)
Add component (AddParameter): Name = "Availability"; Value = "Unavailable"; VariantName = "[No Variations]"
Add component (AddParameter): Name = "MF"; Value = "Samtec"; VariantName = "[No Variations]"
Add component (AddParameter): Name = "MP"; Value = "TSW-104-22-G-S-RA"; VariantName = "[No Variations]"
Add component (AddParameter): Name = "Package"; Value = "None"; VariantName = "[No Variations]"
Add component (AddParameter): Name = "Price"; Value = "None"; VariantName = "[No Variations]"
Add component (AddParameter): Name = "Value"; Value = ""; VariantName = "[No Variations]"
Added Component: Designator=J3(SAMTEC_TSW-104-22-G-S-RA)
Add component (AddParameter): Name = "Availability"; Value = "Unavailable"; VariantName = "[No Variations]"
Add component (AddParameter): Name = "MF"; Value = "Samtec"; VariantName = "[No Variations]"
Add component (AddParameter): Name = "MP"; Value = "TSW-104-22-G-S-RA"; VariantName = "[No Variations]"
Add component (AddParameter): Name = "Package"; Value = "None"; VariantName = "[No Variations]"
Add component (AddParameter): Name = "Price"; Value = "None"; VariantName = "[No Variations]"
Add component (AddParameter): Name = "Value"; Value = ""; VariantName = "[No Variations]"
Added Component: Designator=J4(SAMTEC_TSW-102-22-G-S-RA)
Add component (AddParameter): Name = "Availability"; Value = "Unavailable"; VariantName = "[No Variations]"
Add component (AddParameter): Name = "MF"; Value = "Samtec"; VariantName = "[No Variations]"
Add component (AddParameter): Name = "MP"; Value = "TSW-102-22-G-S-RA"; VariantName = "[No Variations]"
Add component (AddParameter): Name = "Package"; Value = "None"; VariantName = "[No Variations]"
Add component (AddParameter): Name = "Price"; Value = "None"; VariantName = "[No Variations]"
Add component (AddParameter): Name = "Value"; Value = ""; VariantName = "[No Variations]"
Added Component: Designator=J5(SAMTEC_TSW-104-22-G-S-RA)
Add component (AddParameter): Name = "Availability"; Value = "Unavailable"; VariantName = "[No Variations]"
Add component (AddParameter): Name = "MF"; Value = "Samtec"; VariantName = "[No Variations]"
Add component (AddParameter): Name = "MP"; Value = "TSW-104-22-G-S-RA"; VariantName = "[No Variations]"
Add component (AddParameter): Name = "Package"; Value = "None"; VariantName = "[No Variations]"
Add component (AddParameter): Name = "Price"; Value = "None"; VariantName = "[No Variations]"
Add component (AddParameter): Name = "Value"; Value = ""; VariantName = "[No Variations]"
Added Component: Designator=J6(CUI_MSD-4-A)
Add component (AddParameter): Name = "Check_prices"; Value = "https://www.snapeda.com/parts/MSD-4-A/Same+Sky/view-part/?ref=eda"; VariantName = "[No Variations]"
Add component (AddParameter): Name = "MF"; Value = "Same Sky"; VariantName = "[No Variations]"
Add component (AddParameter): Name = "MP"; Value = "MSD-4-A"; VariantName = "[No Variations]"
Add component (AddParameter): Name = "Package"; Value = "None"; VariantName = "[No Variations]"
Add component (AddParameter): Name = "SnapEDA_Link"; Value = "https://www.snapeda.com/parts/MSD-4-A/Same+Sky/view-part/?ref=snap"; VariantName = "[No Variations]"
Add component (AddParameter): Name = "Value"; Value = ""; VariantName = "[No Variations]"
Added Component: Designator=J7(SAMTEC_TSW-102-22-G-S-RA)
Add component (AddParameter): Name = "Availability"; Value = "Unavailable"; VariantName = "[No Variations]"
Add component (AddParameter): Name = "MF"; Value = "Samtec"; VariantName = "[No Variations]"
Add component (AddParameter): Name = "MP"; Value = "TSW-102-22-G-S-RA"; VariantName = "[No Variations]"
Add component (AddParameter): Name = "Package"; Value = "None"; VariantName = "[No Variations]"
Add component (AddParameter): Name = "Price"; Value = "None"; VariantName = "[No Variations]"
Add component (AddParameter): Name = "Value"; Value = ""; VariantName = "[No Variations]"
Added Component: Designator=L1(FP-LQM21DN_70-MFG)
Add component (AddParameter): Name = "Case/Package"; Value = "0805"; VariantName = "[No Variations]"
Add component (AddParameter): Name = "Core Material"; Value = "Ferrite"; VariantName = "[No Variations]"
Add component (AddParameter): Name = "Current Rating"; Value = "200mA"; VariantName = "[No Variations]"
Add component (AddParameter): Name = "Height"; Value = "1.45mm"; VariantName = "[No Variations]"
Add component (AddParameter): Name = "Inductance"; Value = "33µH"; VariantName = "[No Variations]"
Add component (AddParameter): Name = "Manufacturer Lifecycle Status"; Value = "IN PRODUCTION NEW"; VariantName = "[No Variations]"
Add component (AddParameter): Name = "Max Operating Temperature"; Value = "125°C"; VariantName = "[No Variations]"
Add component (AddParameter): Name = "Min Operating Temperature"; Value = "-55°C"; VariantName = "[No Variations]"
Add component (AddParameter): Name = "NexarPartId"; Value = "111578617"; VariantName = "[No Variations]"
Add component (AddParameter): Name = "Resistance"; Value = "2.99O"; VariantName = "[No Variations]"
Add component (AddParameter): Name = "RMS Current (Irms)"; Value = "200mA"; VariantName = "[No Variations]"
Add component (AddParameter): Name = "Saturation Current"; Value = "80mA"; VariantName = "[No Variations]"
Add component (AddParameter): Name = "Schedule B"; Value = "8504500000, 8504500000"; VariantName = "[No Variations]"
Add component (AddParameter): Name = "Self Resonant Frequency"; Value = "16MHz"; VariantName = "[No Variations]"
Add component (AddParameter): Name = "Series Resistance"; Value = "2.99O"; VariantName = "[No Variations]"
Add component (AddParameter): Name = "Test Frequency"; Value = "1MHz"; VariantName = "[No Variations]"
Add component (AddParameter): Name = "Tolerance"; Value = "20%"; VariantName = "[No Variations]"
Added Component: Designator=L2(FP-LQM21DN_70-MFG)
Add component (AddParameter): Name = "Case/Package"; Value = "0805"; VariantName = "[No Variations]"
Add component (AddParameter): Name = "Core Material"; Value = "Ferrite"; VariantName = "[No Variations]"
Add component (AddParameter): Name = "Current Rating"; Value = "200mA"; VariantName = "[No Variations]"
Add component (AddParameter): Name = "Height"; Value = "1.45mm"; VariantName = "[No Variations]"
Add component (AddParameter): Name = "Inductance"; Value = "33µH"; VariantName = "[No Variations]"
Add component (AddParameter): Name = "Manufacturer Lifecycle Status"; Value = "IN PRODUCTION NEW"; VariantName = "[No Variations]"
Add component (AddParameter): Name = "Max Operating Temperature"; Value = "125°C"; VariantName = "[No Variations]"
Add component (AddParameter): Name = "Min Operating Temperature"; Value = "-55°C"; VariantName = "[No Variations]"
Add component (AddParameter): Name = "NexarPartId"; Value = "111578617"; VariantName = "[No Variations]"
Add component (AddParameter): Name = "Resistance"; Value = "2.99O"; VariantName = "[No Variations]"
Add component (AddParameter): Name = "RMS Current (Irms)"; Value = "200mA"; VariantName = "[No Variations]"
Add component (AddParameter): Name = "Saturation Current"; Value = "80mA"; VariantName = "[No Variations]"
Add component (AddParameter): Name = "Schedule B"; Value = "8504500000, 8504500000"; VariantName = "[No Variations]"
Add component (AddParameter): Name = "Self Resonant Frequency"; Value = "16MHz"; VariantName = "[No Variations]"
Add component (AddParameter): Name = "Series Resistance"; Value = "2.99O"; VariantName = "[No Variations]"
Add component (AddParameter): Name = "Test Frequency"; Value = "1MHz"; VariantName = "[No Variations]"
Add component (AddParameter): Name = "Tolerance"; Value = "20%"; VariantName = "[No Variations]"
Added Component: Designator=R1(FP-TFCR0805-IPC_B)
Added Component: Designator=R2(FP-TFCR0805-IPC_B)
Added Component: Designator=R3(FP-TFCR0805-IPC_B)
Added Component: Designator=R4(FP-TFCR0805-IPC_B)
Added Component: Designator=R5(FP-TFCR0805-IPC_B)
Added Component: Designator=R6(FP-TFCR0805-IPC_B)
Added Component: Designator=R7(FP-TFCR0805-IPC_B)
Added Component: Designator=R8(FP-TFCR0805-IPC_B)
Added Component: Designator=R9(FP-TFCR0805-IPC_B)
Added Component: Designator=R10(FP-TFCR0805-MFG)
Added Component: Designator=R11(FP-TFCR0805-MFG)
Added Component: Designator=R12(FP-TFCR0805-MFG)
Added Component: Designator=R13(FP-TFCR0805-MFG)
Added Component: Designator=R14(FP-TFCR0805-MFG)
Added Component: Designator=R15(FP-TFCR0805-MFG)
Added Component: Designator=R16(FP-TFCR0805-MFG)
Added Component: Designator=R17(FP-TFCR0805-MFG)
Added Component: Designator=R18(FP-TFCR0805-MFG)
Added Component: Designator=R19(FP-TFCR0805-MFG)
Added Component: Designator=R20(FP-TFCR0805-MFG)
Added Component: Designator=R21(FP-TFCR0805-MFG)
Added Component: Designator=R22(FP-TFCR0805-MFG)
Added Component: Designator=R23(FP-TFCR0805-MFG)
Added Component: Designator=R24(FP-TFCR0805-MFG)
Added Component: Designator=R25(FP-TFCR0805-MFG)
Added Component: Designator=R26(FP-TFCR0805-MFG)
Added Component: Designator=R27(FP-TFCR0805-MFG)
Added Component: Designator=R28(FP-TFCR0805-IPC_B)
Added Component: Designator=R29(FP-TFCR0805-IPC_B)
Added Component: Designator=R30(FP-TFCR0805-IPC_B)
Added Component: Designator=U1(XCVR_ESP32S3WROOM1N8R8)
Add component (AddParameter): Name = "Availability"; Value = "In Stock"; VariantName = "[No Variations]"
Add component (AddParameter): Name = "Check_prices"; Value = "https://www.snapeda.com/parts/ESP32-S3-WROOM-1-N8R8/Espressif+Systems/view-part/?ref=eda"; VariantName = "[No Variations]"
Add component (AddParameter): Name = "MF"; Value = "Espressif Systems"; VariantName = "[No Variations]"
Add component (AddParameter): Name = "MP"; Value = "ESP32-S3-WROOM-1-N8R8"; VariantName = "[No Variations]"
Add component (AddParameter): Name = "Package"; Value = "None"; VariantName = "[No Variations]"
Add component (AddParameter): Name = "Price"; Value = "None"; VariantName = "[No Variations]"
Add component (AddParameter): Name = "Purchase-URL"; Value = "https://pricing.snapeda.com/search?q=ESP32-S3-WROOM-1-N8R8&ref=eda"; VariantName = "[No Variations]"
Add component (AddParameter): Name = "SnapEDA_Link"; Value = "https://www.snapeda.com/parts/ESP32-S3-WROOM-1-N8R8/Espressif+Systems/view-part/?ref=snap"; VariantName = "[No Variations]"
Add component (AddParameter): Name = "Value"; Value = ""; VariantName = "[No Variations]"
Added Component: Designator=U2(XDCR_BMI270)
Add component (AddParameter): Name = "Check_prices"; Value = "https://www.snapeda.com/parts/BMI270/Bosch+Sensortec/view-part/?ref=eda"; VariantName = "[No Variations]"
Add component (AddParameter): Name = "Digi-Key_Part_Number"; Value = "828-1091-2-ND"; VariantName = "[No Variations]"
Add component (AddParameter): Name = "MF"; Value = "Bosch Sensortec"; VariantName = "[No Variations]"
Add component (AddParameter): Name = "MP"; Value = "BMI270"; VariantName = "[No Variations]"
Add component (AddParameter): Name = "Package"; Value = "LGA-14 Bosch Sensortec"; VariantName = "[No Variations]"
Add component (AddParameter): Name = "Purchase-URL"; Value = "https://pricing.snapeda.com/search/part/BMI270/?ref=eda"; VariantName = "[No Variations]"
Add component (AddParameter): Name = "SnapEDA_Link"; Value = "https://www.snapeda.com/parts/BMI270/Bosch+Sensortec/view-part/?ref=snap"; VariantName = "[No Variations]"
Add component (AddParameter): Name = "Value"; Value = ""; VariantName = "[No Variations]"
Added Component: Designator=U3(QFN50P300X300X80-17N)
Add component (AddParameter): Name = "Check_prices"; Value = "https://www.snapeda.com/parts/MAX98357AETE+T/Analog+Devices/view-part/?ref=eda"; VariantName = "[No Variations]"
Add component (AddParameter): Name = "MF"; Value = "Analog Devices"; VariantName = "[No Variations]"
Add component (AddParameter): Name = "MP"; Value = "MAX98357AETE+T"; VariantName = "[No Variations]"
Add component (AddParameter): Name = "Package"; Value = "TQFN-16 Maxim"; VariantName = "[No Variations]"
Add component (AddParameter): Name = "SnapEDA_Link"; Value = "https://www.snapeda.com/parts/MAX98357AETE+T/Analog+Devices/view-part/?ref=snap"; VariantName = "[No Variations]"
Add component (AddParameter): Name = "Value"; Value = ""; VariantName = "[No Variations]"
Added Component: Designator=U4(SOIC127P600X175-16N)
Add component (AddParameter): Name = "Check_prices"; Value = "https://www.snapeda.com/parts/SN74LS47N/Onsemi/view-part/?ref=eda"; VariantName = "[No Variations]"
Add component (AddParameter): Name = "MF"; Value = "onsemi"; VariantName = "[No Variations]"
Add component (AddParameter): Name = "MP"; Value = "SN74LS47N"; VariantName = "[No Variations]"
Add component (AddParameter): Name = "Package"; Value = "None"; VariantName = "[No Variations]"
Add component (AddParameter): Name = "SnapEDA_Link"; Value = "https://www.snapeda.com/parts/SN74LS47N/Onsemi/view-part/?ref=snap"; VariantName = "[No Variations]"
Add component (AddParameter): Name = "Value"; Value = ""; VariantName = "[No Variations]"
Added Component: Designator=U5(SOIC127P600X175-16N)
Add component (AddParameter): Name = "Check_prices"; Value = "https://www.snapeda.com/parts/SN74LS47N/Onsemi/view-part/?ref=eda"; VariantName = "[No Variations]"
Add component (AddParameter): Name = "MF"; Value = "onsemi"; VariantName = "[No Variations]"
Add component (AddParameter): Name = "MP"; Value = "SN74LS47N"; VariantName = "[No Variations]"
Add component (AddParameter): Name = "Package"; Value = "None"; VariantName = "[No Variations]"
Add component (AddParameter): Name = "SnapEDA_Link"; Value = "https://www.snapeda.com/parts/SN74LS47N/Onsemi/view-part/?ref=snap"; VariantName = "[No Variations]"
Add component (AddParameter): Name = "Value"; Value = ""; VariantName = "[No Variations]"
Added Component: Designator=U6(SON50P300X200X80-11N240X84)
Add component (AddParameter): Name = "Availability"; Value = "Good"; VariantName = "[No Variations]"
Add component (AddParameter): Name = "Check_prices"; Value = "https://www.snapeda.com/parts/TPS62175DQCR/Texas%20Instruments/view-part/494000/?ref=eda"; VariantName = "[No Variations]"
Add component (AddParameter): Name = "MF"; Value = "Texas Instruments"; VariantName = "[No Variations]"
Add component (AddParameter): Name = "MP"; Value = "TPS62175DQCR"; VariantName = "[No Variations]"
Add component (AddParameter): Name = "Package"; Value = "WSON-10 Texas Instruments"; VariantName = "[No Variations]"
Add component (AddParameter): Name = "Price"; Value = "None"; VariantName = "[No Variations]"
Add component (AddParameter): Name = "Purchase-URL"; Value = "https://pricing.snapeda.com/search/part/TPS62175DQCR/?ref=eda"; VariantName = "[No Variations]"
Add component (AddParameter): Name = "SnapEDA_Link"; Value = "https://www.snapeda.com/parts/TPS62175DQCR/Texas%20Instruments/view-part/494000/?ref=snap"; VariantName = "[No Variations]"
Add component (AddParameter): Name = "Value"; Value = ""; VariantName = "[No Variations]"
Added Component: Designator=U7(SON50P300X200X80-11N240X84)
Add component (AddParameter): Name = "Availability"; Value = "Good"; VariantName = "[No Variations]"
Add component (AddParameter): Name = "Check_prices"; Value = "https://www.snapeda.com/parts/TPS62175DQCR/Texas%20Instruments/view-part/494000/?ref=eda"; VariantName = "[No Variations]"
Add component (AddParameter): Name = "MF"; Value = "Texas Instruments"; VariantName = "[No Variations]"
Add component (AddParameter): Name = "MP"; Value = "TPS62175DQCR"; VariantName = "[No Variations]"
Add component (AddParameter): Name = "Package"; Value = "WSON-10 Texas Instruments"; VariantName = "[No Variations]"
Add component (AddParameter): Name = "Price"; Value = "None"; VariantName = "[No Variations]"
Add component (AddParameter): Name = "Purchase-URL"; Value = "https://pricing.snapeda.com/search/part/TPS62175DQCR/?ref=eda"; VariantName = "[No Variations]"
Add component (AddParameter): Name = "SnapEDA_Link"; Value = "https://www.snapeda.com/parts/TPS62175DQCR/Texas%20Instruments/view-part/494000/?ref=snap"; VariantName = "[No Variations]"
Add component (AddParameter): Name = "Value"; Value = ""; VariantName = "[No Variations]"
Added Component: Designator=U8(LED_LDSC512RI)
Add component (AddParameter): Name = "Check_prices"; Value = "https://www.snapeda.com/parts/LDS-C512RI/Lumex/view-part/?ref=eda"; VariantName = "[No Variations]"
Add component (AddParameter): Name = "MF"; Value = "Lumex"; VariantName = "[No Variations]"
Add component (AddParameter): Name = "MP"; Value = "LDS-C512RI"; VariantName = "[No Variations]"
Add component (AddParameter): Name = "Package"; Value = "None"; VariantName = "[No Variations]"
Add component (AddParameter): Name = "SnapEDA_Link"; Value = "https://www.snapeda.com/parts/LDS-C512RI/Lumex/view-part/?ref=snap"; VariantName = "[No Variations]"
Add component (AddParameter): Name = "Value"; Value = ""; VariantName = "[No Variations]"
Added Component: Designator=U9(LED_LDSC512RI)
Add component (AddParameter): Name = "Check_prices"; Value = "https://www.snapeda.com/parts/LDS-C512RI/Lumex/view-part/?ref=eda"; VariantName = "[No Variations]"
Add component (AddParameter): Name = "MF"; Value = "Lumex"; VariantName = "[No Variations]"
Add component (AddParameter): Name = "MP"; Value = "LDS-C512RI"; VariantName = "[No Variations]"
Add component (AddParameter): Name = "Package"; Value = "None"; VariantName = "[No Variations]"
Add component (AddParameter): Name = "SnapEDA_Link"; Value = "https://www.snapeda.com/parts/LDS-C512RI/Lumex/view-part/?ref=snap"; VariantName = "[No Variations]"
Add component (AddParameter): Name = "Value"; Value = ""; VariantName = "[No Variations]"
Added Component: Designator=Y1(XTAL_ABS07-32.768KHZ-T)
Add component (AddParameter): Name = "Availability"; Value = "In Stock"; VariantName = "[No Variations]"
Add component (AddParameter): Name = "Check_prices"; Value = "https://www.snapeda.com/parts/ABS07-32.768KHZ-T/Abracon+LLC/view-part/?ref=eda"; VariantName = "[No Variations]"
Add component (AddParameter): Name = "MF"; Value = "Abracon"; VariantName = "[No Variations]"
Add component (AddParameter): Name = "MP"; Value = "ABS07-32.768KHZ-T"; VariantName = "[No Variations]"
Add component (AddParameter): Name = "Package"; Value = "SMD-2 Abracon LLC"; VariantName = "[No Variations]"
Add component (AddParameter): Name = "Price"; Value = "None"; VariantName = "[No Variations]"
Add component (AddParameter): Name = "Purchase-URL"; Value = "https://pricing.snapeda.com/search/part/ABS07-32.768KHZ-T/?ref=eda"; VariantName = "[No Variations]"
Add component (AddParameter): Name = "SnapEDA_Link"; Value = "https://www.snapeda.com/parts/ABS07-32.768KHZ-T/Abracon+LLC/view-part/?ref=snap"; VariantName = "[No Variations]"
Add component (AddParameter): Name = "Value"; Value = ""; VariantName = "[No Variations]"
Added Pin To Net: NetName=3V3 Pin=C2-1
Added Pin To Net: NetName=3V3 Pin=C6-1
Added Pin To Net: NetName=3V3 Pin=C10-1
Added Pin To Net: NetName=3V3 Pin=J1-01
Added Pin To Net: NetName=3V3 Pin=J2-01
Added Pin To Net: NetName=3V3 Pin=J6-4
Added Pin To Net: NetName=3V3 Pin=L1-2
Added Pin To Net: NetName=3V3 Pin=R1-1
Added Pin To Net: NetName=3V3 Pin=R2-1
Added Pin To Net: NetName=3V3 Pin=R3-1
Added Pin To Net: NetName=3V3 Pin=R4-1
Added Pin To Net: NetName=3V3 Pin=R5-1
Added Pin To Net: NetName=3V3 Pin=R6-1
Added Pin To Net: NetName=3V3 Pin=R7-1
Added Pin To Net: NetName=3V3 Pin=R8-1
Added Pin To Net: NetName=3V3 Pin=R24-2
Added Pin To Net: NetName=3V3 Pin=U1-2
Added Pin To Net: NetName=3V3 Pin=U2-5
Added Pin To Net: NetName=3V3 Pin=U2-8
Added Pin To Net: NetName=3V3 Pin=U6-10
Added Net: Name=3V3
Added Pin To Net: NetName=5V Pin=C7-1
Added Pin To Net: NetName=5V Pin=C12-1
Added Pin To Net: NetName=5V Pin=J3-01
Added Pin To Net: NetName=5V Pin=J5-01
Added Pin To Net: NetName=5V Pin=L2-2
Added Pin To Net: NetName=5V Pin=R9-2
Added Pin To Net: NetName=5V Pin=R25-2
Added Pin To Net: NetName=5V Pin=R26-1
Added Pin To Net: NetName=5V Pin=U3-7
Added Pin To Net: NetName=5V Pin=U3-8
Added Pin To Net: NetName=5V Pin=U4-16
Added Pin To Net: NetName=5V Pin=U5-16
Added Pin To Net: NetName=5V Pin=U7-10
Added Pin To Net: NetName=5V Pin=U8-3
Added Pin To Net: NetName=5V Pin=U8-8
Added Pin To Net: NetName=5V Pin=U9-3
Added Pin To Net: NetName=5V Pin=U9-8
Added Net: Name=5V
Added Pin To Net: NetName=9V Pin=C9-1
Added Pin To Net: NetName=9V Pin=C11-1
Added Pin To Net: NetName=9V Pin=C13-1
Added Pin To Net: NetName=9V Pin=C14-1
Added Pin To Net: NetName=9V Pin=C15-1
Added Pin To Net: NetName=9V Pin=J4-01
Added Pin To Net: NetName=9V Pin=U6-2
Added Pin To Net: NetName=9V Pin=U6-3
Added Pin To Net: NetName=9V Pin=U6-8
Added Pin To Net: NetName=9V Pin=U7-2
Added Pin To Net: NetName=9V Pin=U7-3
Added Pin To Net: NetName=9V Pin=U7-8
Added Net: Name=9V
Added Pin To Net: NetName=A1 Pin=U1-34
Added Pin To Net: NetName=A1 Pin=U4-7
Added Net: Name=A1
Added Pin To Net: NetName=A2 Pin=U1-30
Added Pin To Net: NetName=A2 Pin=U5-7
Added Net: Name=A2
Added Pin To Net: NetName=B1 Pin=U1-39
Added Pin To Net: NetName=B1 Pin=U4-1
Added Net: Name=B1
Added Pin To Net: NetName=B2 Pin=U1-33
Added Pin To Net: NetName=B2 Pin=U5-1
Added Net: Name=B2
Added Pin To Net: NetName=BCLK_MAX Pin=U1-21
Added Pin To Net: NetName=BCLK_MAX Pin=U3-16
Added Net: Name=BCLK_MAX
Added Pin To Net: NetName=C1 Pin=U1-38
Added Pin To Net: NetName=C1 Pin=U4-2
Added Net: Name=C1
Added Pin To Net: NetName=C2 Pin=U1-32
Added Pin To Net: NetName=C2 Pin=U5-2
Added Net: Name=C2
Added Pin To Net: NetName=CLK_SD Pin=J6-5
Added Pin To Net: NetName=CLK_SD Pin=R8-2
Added Pin To Net: NetName=CLK_SD Pin=U1-6
Added Net: Name=CLK_SD
Added Pin To Net: NetName=CLK_Strip Pin=J3-02
Added Pin To Net: NetName=CLK_Strip Pin=U1-25
Added Net: Name=CLK_Strip
Added Pin To Net: NetName=CS_SD Pin=J6-CD
Added Pin To Net: NetName=CS_SD Pin=R5-2
Added Pin To Net: NetName=CS_SD Pin=U1-4
Added Net: Name=CS_SD
Added Pin To Net: NetName=D1 Pin=U1-35
Added Pin To Net: NetName=D1 Pin=U4-6
Added Net: Name=D1
Added Pin To Net: NetName=D2 Pin=U1-31
Added Pin To Net: NetName=D2 Pin=U5-6
Added Net: Name=D2
Added Pin To Net: NetName=Data_Strip Pin=J3-03
Added Pin To Net: NetName=Data_Strip Pin=U1-24
Added Net: Name=Data_Strip
Added Pin To Net: NetName=DIN_MAX Pin=U1-19
Added Pin To Net: NetName=DIN_MAX Pin=U3-1
Added Net: Name=DIN_MAX
Added Pin To Net: NetName=GND Pin=C2-2
Added Pin To Net: NetName=GND Pin=C3-2
Added Pin To Net: NetName=GND Pin=C4-2
Added Pin To Net: NetName=GND Pin=C5-2
Added Pin To Net: NetName=GND Pin=C6-2
Added Pin To Net: NetName=GND Pin=C7-2
Added Pin To Net: NetName=GND Pin=C9-2
Added Pin To Net: NetName=GND Pin=C10-2
Added Pin To Net: NetName=GND Pin=C11-2
Added Pin To Net: NetName=GND Pin=C12-2
Added Pin To Net: NetName=GND Pin=C13-2
Added Pin To Net: NetName=GND Pin=C14-2
Added Pin To Net: NetName=GND Pin=C15-2
Added Pin To Net: NetName=GND Pin=J1-05
Added Pin To Net: NetName=GND Pin=J3-04
Added Pin To Net: NetName=GND Pin=J4-02
Added Pin To Net: NetName=GND Pin=J5-04
Added Pin To Net: NetName=GND Pin=J6-6
Added Pin To Net: NetName=GND Pin=J6-G1
Added Pin To Net: NetName=GND Pin=J6-G2
Added Pin To Net: NetName=GND Pin=J6-G3
Added Pin To Net: NetName=GND Pin=J6-G4
Added Pin To Net: NetName=GND Pin=R27-2
Added Pin To Net: NetName=GND Pin=R28-2
Added Pin To Net: NetName=GND Pin=R29-2
Added Pin To Net: NetName=GND Pin=R30-2
Added Pin To Net: NetName=GND Pin=U1-1
Added Pin To Net: NetName=GND Pin=U1-40
Added Pin To Net: NetName=GND Pin=U1-41_1
Added Pin To Net: NetName=GND Pin=U1-41_2
Added Pin To Net: NetName=GND Pin=U1-41_3
Added Pin To Net: NetName=GND Pin=U1-41_4
Added Pin To Net: NetName=GND Pin=U1-41_5
Added Pin To Net: NetName=GND Pin=U1-41_6
Added Pin To Net: NetName=GND Pin=U1-41_7
Added Pin To Net: NetName=GND Pin=U1-41_8
Added Pin To Net: NetName=GND Pin=U1-41_9
Added Pin To Net: NetName=GND Pin=U2-6
Added Pin To Net: NetName=GND Pin=U2-7
Added Pin To Net: NetName=GND Pin=U3-3
Added Pin To Net: NetName=GND Pin=U3-11
Added Pin To Net: NetName=GND Pin=U3-15
Added Pin To Net: NetName=GND Pin=U3-17
Added Pin To Net: NetName=GND Pin=U4-8
Added Pin To Net: NetName=GND Pin=U5-8
Added Pin To Net: NetName=GND Pin=U6-1
Added Pin To Net: NetName=GND Pin=U6-5
Added Pin To Net: NetName=GND Pin=U6-6
Added Pin To Net: NetName=GND Pin=U6-11
Added Pin To Net: NetName=GND Pin=U6-11_1
Added Pin To Net: NetName=GND Pin=U6-11_2
Added Pin To Net: NetName=GND Pin=U6-11_3
Added Pin To Net: NetName=GND Pin=U7-1
Added Pin To Net: NetName=GND Pin=U7-6
Added Pin To Net: NetName=GND Pin=U7-11
Added Pin To Net: NetName=GND Pin=U7-11_1
Added Pin To Net: NetName=GND Pin=U7-11_2
Added Pin To Net: NetName=GND Pin=U7-11_3
Added Net: Name=GND
Added Pin To Net: NetName=Hall_1 Pin=J1-02
Added Pin To Net: NetName=Hall_1 Pin=U1-23
Added Net: Name=Hall_1
Added Pin To Net: NetName=Hall_2 Pin=J1-03
Added Pin To Net: NetName=Hall_2 Pin=U1-26
Added Net: Name=Hall_2
Added Pin To Net: NetName=Hall_3 Pin=J1-04
Added Pin To Net: NetName=Hall_3 Pin=U1-16
Added Net: Name=Hall_3
Added Pin To Net: NetName=LRCLK_MAX Pin=U1-20
Added Pin To Net: NetName=LRCLK_MAX Pin=U3-14
Added Net: Name=LRCLK_MAX
Added Pin To Net: NetName=MISO_SD Pin=J6-7
Added Pin To Net: NetName=MISO_SD Pin=R7-2
Added Pin To Net: NetName=MISO_SD Pin=U1-7
Added Net: Name=MISO_SD
Added Pin To Net: NetName=MOSI_SD Pin=J6-3
Added Pin To Net: NetName=MOSI_SD Pin=R6-2
Added Pin To Net: NetName=MOSI_SD Pin=U1-5
Added Net: Name=MOSI_SD
Added Pin To Net: NetName=N_OUT Pin=FB2-2
Added Pin To Net: NetName=N_OUT Pin=J7-02
Added Net: Name=N_OUT
Added Pin To Net: NetName=NetC3_1 Pin=C3-1
Added Pin To Net: NetName=NetC3_1 Pin=R1-2
Added Pin To Net: NetName=NetC3_1 Pin=U1-3
Added Net: Name=NetC3_1
Added Pin To Net: NetName=NetC4_1 Pin=C4-1
Added Pin To Net: NetName=NetC4_1 Pin=U1-8
Added Pin To Net: NetName=NetC4_1 Pin=Y1-2
Added Net: Name=NetC4_1
Added Pin To Net: NetName=NetC5_1 Pin=C5-1
Added Pin To Net: NetName=NetC5_1 Pin=U1-9
Added Pin To Net: NetName=NetC5_1 Pin=Y1-1
Added Net: Name=NetC5_1
Added Pin To Net: NetName=NetFB1_1 Pin=FB1-1
Added Pin To Net: NetName=NetFB1_1 Pin=U3-9
Added Net: Name=NetFB1_1
Added Pin To Net: NetName=NetFB2_1 Pin=FB2-1
Added Pin To Net: NetName=NetFB2_1 Pin=U3-10
Added Net: Name=NetFB2_1
Added Pin To Net: NetName=NetL1_1 Pin=L1-1
Added Pin To Net: NetName=NetL1_1 Pin=U6-9
Added Net: Name=NetL1_1
Added Pin To Net: NetName=NetL2_1 Pin=L2-1
Added Pin To Net: NetName=NetL2_1 Pin=U7-9
Added Net: Name=NetL2_1
Added Pin To Net: NetName=NetR2_2 Pin=R2-2
Added Pin To Net: NetName=NetR2_2 Pin=U2-12
Added Net: Name=NetR2_2
Added Pin To Net: NetName=NetR9_1 Pin=R9-1
Added Pin To Net: NetName=NetR9_1 Pin=U3-4
Added Net: Name=NetR9_1
Added Pin To Net: NetName=NetR10_1 Pin=R10-1
Added Pin To Net: NetName=NetR10_1 Pin=U4-13
Added Net: Name=NetR10_1
Added Pin To Net: NetName=NetR11_1 Pin=R11-1
Added Pin To Net: NetName=NetR11_1 Pin=U4-12
Added Net: Name=NetR11_1
Added Pin To Net: NetName=NetR12_1 Pin=R12-1
Added Pin To Net: NetName=NetR12_1 Pin=U4-11
Added Net: Name=NetR12_1
Added Pin To Net: NetName=NetR13_1 Pin=R13-1
Added Pin To Net: NetName=NetR13_1 Pin=U4-10
Added Net: Name=NetR13_1
Added Pin To Net: NetName=NetR14_1 Pin=R14-1
Added Pin To Net: NetName=NetR14_1 Pin=U4-9
Added Net: Name=NetR14_1
Added Pin To Net: NetName=NetR15_1 Pin=R15-1
Added Pin To Net: NetName=NetR15_1 Pin=U4-15
Added Net: Name=NetR15_1
Added Pin To Net: NetName=NetR16_1 Pin=R16-1
Added Pin To Net: NetName=NetR16_1 Pin=U4-14
Added Net: Name=NetR16_1
Added Pin To Net: NetName=NetR17_1 Pin=R17-1
Added Pin To Net: NetName=NetR17_1 Pin=U5-13
Added Net: Name=NetR17_1
Added Pin To Net: NetName=NetR18_1 Pin=R18-1
Added Pin To Net: NetName=NetR18_1 Pin=U5-12
Added Net: Name=NetR18_1
Added Pin To Net: NetName=NetR19_1 Pin=R19-1
Added Pin To Net: NetName=NetR19_1 Pin=U5-11
Added Net: Name=NetR19_1
Added Pin To Net: NetName=NetR20_1 Pin=R20-1
Added Pin To Net: NetName=NetR20_1 Pin=U5-10
Added Net: Name=NetR20_1
Added Pin To Net: NetName=NetR21_1 Pin=R21-1
Added Pin To Net: NetName=NetR21_1 Pin=U5-9
Added Net: Name=NetR21_1
Added Pin To Net: NetName=NetR22_1 Pin=R22-1
Added Pin To Net: NetName=NetR22_1 Pin=U5-15
Added Net: Name=NetR22_1
Added Pin To Net: NetName=NetR23_1 Pin=R23-1
Added Pin To Net: NetName=NetR23_1 Pin=U5-14
Added Net: Name=NetR23_1
Added Pin To Net: NetName=NetR24_1 Pin=R24-1
Added Pin To Net: NetName=NetR24_1 Pin=U6-7
Added Net: Name=NetR24_1
Added Pin To Net: NetName=NetR25_1 Pin=R25-1
Added Pin To Net: NetName=NetR25_1 Pin=U7-7
Added Net: Name=NetR25_1
Added Pin To Net: NetName=NetR26_2 Pin=R26-2
Added Pin To Net: NetName=NetR26_2 Pin=R27-1
Added Pin To Net: NetName=NetR26_2 Pin=U7-5
Added Net: Name=NetR26_2
Added Pin To Net: NetName=P_1 Pin=J2-02
Added Pin To Net: NetName=P_1 Pin=R29-1
Added Pin To Net: NetName=P_1 Pin=U1-27
Added Net: Name=P_1
Added Pin To Net: NetName=P_2 Pin=J2-03
Added Pin To Net: NetName=P_2 Pin=R28-1
Added Pin To Net: NetName=P_2 Pin=U1-15
Added Net: Name=P_2
Added Pin To Net: NetName=P_3 Pin=J2-04
Added Pin To Net: NetName=P_3 Pin=R30-1
Added Pin To Net: NetName=P_3 Pin=U1-18
Added Net: Name=P_3
Added Pin To Net: NetName=P_OUT Pin=FB1-2
Added Pin To Net: NetName=P_OUT Pin=J7-01
Added Net: Name=P_OUT
Added Pin To Net: NetName=Rx_ESP Pin=J5-02
Added Pin To Net: NetName=Rx_ESP Pin=U1-36
Added Net: Name=Rx_ESP
Added Pin To Net: NetName=sa1 Pin=R10-2
Added Pin To Net: NetName=sa1 Pin=U8-7
Added Net: Name=sa1
Added Pin To Net: NetName=sa2 Pin=R17-2
Added Pin To Net: NetName=sa2 Pin=U9-7
Added Net: Name=sa2
Added Pin To Net: NetName=sb1 Pin=R11-2
Added Pin To Net: NetName=sb1 Pin=U8-6
Added Net: Name=sb1
Added Pin To Net: NetName=sb2 Pin=R18-2
Added Pin To Net: NetName=sb2 Pin=U9-6
Added Net: Name=sb2
Added Pin To Net: NetName=sc1 Pin=R12-2
Added Pin To Net: NetName=sc1 Pin=U8-4
Added Net: Name=sc1
Added Pin To Net: NetName=sc2 Pin=R19-2
Added Pin To Net: NetName=sc2 Pin=U9-4
Added Net: Name=sc2
Added Pin To Net: NetName=SCL_IMU Pin=R3-2
Added Pin To Net: NetName=SCL_IMU Pin=U1-17
Added Pin To Net: NetName=SCL_IMU Pin=U2-13
Added Net: Name=SCL_IMU
Added Pin To Net: NetName=sd1 Pin=R13-2
Added Pin To Net: NetName=sd1 Pin=U8-2
Added Net: Name=sd1
Added Pin To Net: NetName=sd2 Pin=R20-2
Added Pin To Net: NetName=sd2 Pin=U9-2
Added Net: Name=sd2
Added Pin To Net: NetName=SDA_IMU Pin=R4-2
Added Pin To Net: NetName=SDA_IMU Pin=U1-12
Added Pin To Net: NetName=SDA_IMU Pin=U2-14
Added Net: Name=SDA_IMU
Added Pin To Net: NetName=se1 Pin=R14-2
Added Pin To Net: NetName=se1 Pin=U8-1
Added Net: Name=se1
Added Pin To Net: NetName=se2 Pin=R21-2
Added Pin To Net: NetName=se2 Pin=U9-1
Added Net: Name=se2
Added Pin To Net: NetName=sf1 Pin=R15-2
Added Pin To Net: NetName=sf1 Pin=U8-9
Added Net: Name=sf1
Added Pin To Net: NetName=sf2 Pin=R22-2
Added Pin To Net: NetName=sf2 Pin=U9-9
Added Net: Name=sf2
Added Pin To Net: NetName=sg1 Pin=R16-2
Added Pin To Net: NetName=sg1 Pin=U8-10
Added Net: Name=sg1
Added Pin To Net: NetName=sg2 Pin=R23-2
Added Pin To Net: NetName=sg2 Pin=U9-10
Added Net: Name=sg2
Added Pin To Net: NetName=Tx_ESP Pin=J5-03
Added Pin To Net: NetName=Tx_ESP Pin=U1-37
Added Net: Name=Tx_ESP
Added Class: Name=Connectors
Added Class: Name=Cook_It
Added Class: Name=Power
Added Rule: Name=Schematic Supply Nets
